<?xml version="1.0" encoding="UTF-8"?>
<testng-results skipped="0" failed="0" ignored="0" total="3" passed="3">
  <reporter-output>
    <line>
      <![CDATA[Framework Execution Starts: Wed Dec 18 02:28:39 IST 2019]]>
    </line>
    <line>
      <![CDATA[Chrome Browser Launched]]>
    </line>
    <line>
      <![CDATA[createCustomerScript execution starts:Wed Dec 18 02:28:51 IST 2019]]>
    </line>
    <line>
      <![CDATA[Customer "GE HealthCare" has been successfully created.]]>
    </line>
    <line>
      <![CDATA[createCustomerScript is Passed]]>
    </line>
    <line>
      <![CDATA[Browser closed]]>
    </line>
    <line>
      <![CDATA[Chrome Browser Launched]]>
    </line>
    <line>
      <![CDATA[createProjectScript execution starts:Wed Dec 18 02:29:08 IST 2019]]>
    </line>
    <line>
      <![CDATA[Project "Medical Software" has been successfully created.]]>
    </line>
    <line>
      <![CDATA[createProjectScript is Passed]]>
    </line>
    <line>
      <![CDATA[Browser closed]]>
    </line>
    <line>
      <![CDATA[Chrome Browser Launched]]>
    </line>
    <line>
      <![CDATA[deleteProjectScript execution starts:Wed Dec 18 02:29:25 IST 2019]]>
    </line>
    <line>
      <![CDATA[deleteProjectScript is Passed]]>
    </line>
    <line>
      <![CDATA[Browser closed]]>
    </line>
  </reporter-output>
  <suite name="Suite" duration-ms="51595" started-at="2019-12-18T02:28:39 IST" finished-at="2019-12-18T02:29:31 IST">
    <groups>
    </groups>
    <test name="Test" duration-ms="51595" started-at="2019-12-18T02:28:39 IST" finished-at="2019-12-18T02:29:31 IST">
      <class name="com.actitime.scripts.TaskTest">
        <test-method status="PASS" signature="preCondition(java.lang.String, java.lang.String)[pri:0, instance:com.actitime.scripts.TaskTest@6e0e048a]" name="preCondition" is-config="true" duration-ms="11537" started-at="2019-12-18T02:28:39 IST" finished-at="2019-12-18T02:28:51 IST">
          <params>
            <param index="0">
              <value>
                <![CDATA[chrome]]>
              </value>
            </param>
            <param index="1">
              <value>
                <![CDATA[http://127.0.0.1/login.do]]>
              </value>
            </param>
          </params>
          <reporter-output>
            <line>
              <![CDATA[Chrome Browser Launched]]>
            </line>
          </reporter-output>
        </test-method> <!-- preCondition -->
        <test-method status="PASS" signature="createCustomer()[pri:0, instance:com.actitime.scripts.TaskTest@6e0e048a]" name="createCustomer" duration-ms="6933" started-at="2019-12-18T02:28:51 IST" finished-at="2019-12-18T02:28:58 IST">
          <reporter-output>
            <line>
              <![CDATA[createCustomerScript execution starts:Wed Dec 18 02:28:51 IST 2019]]>
            </line>
            <line>
              <![CDATA[Customer "GE HealthCare" has been successfully created.]]>
            </line>
            <line>
              <![CDATA[createCustomerScript is Passed]]>
            </line>
          </reporter-output>
        </test-method> <!-- createCustomer -->
        <test-method status="PASS" signature="postCondition()[pri:0, instance:com.actitime.scripts.TaskTest@6e0e048a]" name="postCondition" is-config="true" duration-ms="168" started-at="2019-12-18T02:28:58 IST" finished-at="2019-12-18T02:28:58 IST">
          <reporter-output>
            <line>
              <![CDATA[Browser closed]]>
            </line>
          </reporter-output>
        </test-method> <!-- postCondition -->
        <test-method status="PASS" signature="preCondition(java.lang.String, java.lang.String)[pri:0, instance:com.actitime.scripts.TaskTest@6e0e048a]" name="preCondition" is-config="true" duration-ms="10454" started-at="2019-12-18T02:28:58 IST" finished-at="2019-12-18T02:29:08 IST">
          <params>
            <param index="0">
              <value>
                <![CDATA[chrome]]>
              </value>
            </param>
            <param index="1">
              <value>
                <![CDATA[http://127.0.0.1/login.do]]>
              </value>
            </param>
          </params>
          <reporter-output>
            <line>
              <![CDATA[Chrome Browser Launched]]>
            </line>
          </reporter-output>
        </test-method> <!-- preCondition -->
        <test-method status="PASS" signature="createProject()[pri:0, instance:com.actitime.scripts.TaskTest@6e0e048a]" name="createProject" duration-ms="5978" started-at="2019-12-18T02:29:08 IST" depends-on-methods="com.actitime.scripts.TaskTest.createCustomer" finished-at="2019-12-18T02:29:14 IST">
          <reporter-output>
            <line>
              <![CDATA[createProjectScript execution starts:Wed Dec 18 02:29:08 IST 2019]]>
            </line>
            <line>
              <![CDATA[Project "Medical Software" has been successfully created.]]>
            </line>
            <line>
              <![CDATA[createProjectScript is Passed]]>
            </line>
          </reporter-output>
        </test-method> <!-- createProject -->
        <test-method status="PASS" signature="postCondition()[pri:0, instance:com.actitime.scripts.TaskTest@6e0e048a]" name="postCondition" is-config="true" duration-ms="167" started-at="2019-12-18T02:29:14 IST" finished-at="2019-12-18T02:29:14 IST">
          <reporter-output>
            <line>
              <![CDATA[Browser closed]]>
            </line>
          </reporter-output>
        </test-method> <!-- postCondition -->
        <test-method status="PASS" signature="preCondition(java.lang.String, java.lang.String)[pri:0, instance:com.actitime.scripts.TaskTest@6e0e048a]" name="preCondition" is-config="true" duration-ms="10536" started-at="2019-12-18T02:29:14 IST" finished-at="2019-12-18T02:29:25 IST">
          <params>
            <param index="0">
              <value>
                <![CDATA[chrome]]>
              </value>
            </param>
            <param index="1">
              <value>
                <![CDATA[http://127.0.0.1/login.do]]>
              </value>
            </param>
          </params>
          <reporter-output>
            <line>
              <![CDATA[Chrome Browser Launched]]>
            </line>
          </reporter-output>
        </test-method> <!-- preCondition -->
        <test-method status="PASS" signature="deleteProject()[pri:0, instance:com.actitime.scripts.TaskTest@6e0e048a]" name="deleteProject" duration-ms="5587" started-at="2019-12-18T02:29:25 IST" depends-on-methods="com.actitime.scripts.TaskTest.createProject" finished-at="2019-12-18T02:29:30 IST">
          <reporter-output>
            <line>
              <![CDATA[deleteProjectScript execution starts:Wed Dec 18 02:29:25 IST 2019]]>
            </line>
            <line>
              <![CDATA[deleteProjectScript is Passed]]>
            </line>
          </reporter-output>
        </test-method> <!-- deleteProject -->
        <test-method status="PASS" signature="postCondition()[pri:0, instance:com.actitime.scripts.TaskTest@6e0e048a]" name="postCondition" is-config="true" duration-ms="134" started-at="2019-12-18T02:29:30 IST" finished-at="2019-12-18T02:29:31 IST">
          <reporter-output>
            <line>
              <![CDATA[Browser closed]]>
            </line>
          </reporter-output>
        </test-method> <!-- postCondition -->
      </class> <!-- com.actitime.scripts.TaskTest -->
    </test> <!-- Test -->
  </suite> <!-- Suite -->
</testng-results>
