<?xml version="1.0" encoding="UTF-8"?>
<!-- Generated by org.testng.reporters.JUnitXMLReporter -->
<testsuite hostname="DESKTOP-V3TCD3D" ignored="0" name="Test" tests="3" failures="0" timestamp="2019-12-18T02:29:31 IST" time="51.595" errors="0">
  <testcase name="createCustomer" time="6.933" classname="com.actitime.scripts.TaskTest"/>
  <testcase name="createProject" time="5.978" classname="com.actitime.scripts.TaskTest"/>
  <testcase name="deleteProject" time="5.587" classname="com.actitime.scripts.TaskTest"/>
</testsuite> <!-- Test -->
