<?xml version="1.0" encoding="UTF-8"?>
<testng-results skipped="0" failed="0" ignored="0" total="1" passed="1">
  <reporter-output>
    <line>
      <![CDATA[Firefox Browser launched]]>
    </line>
  </reporter-output>
  <suite name="Suite" duration-ms="22492" started-at="2020-01-16T12:24:09 IST" finished-at="2020-01-16T12:24:32 IST">
    <groups>
    </groups>
    <test name="Test" duration-ms="22492" started-at="2020-01-16T12:24:09 IST" finished-at="2020-01-16T12:24:32 IST">
      <class name="package3.LoginTest">
        <test-method status="PASS" signature="preCondition()[pri:0, instance:package3.LoginTest@31a5c39e]" name="preCondition" is-config="true" duration-ms="21842" started-at="2020-01-16T12:24:09 IST" finished-at="2020-01-16T12:24:31 IST">
          <reporter-output>
            <line>
              <![CDATA[Firefox Browser launched]]>
            </line>
          </reporter-output>
        </test-method> <!-- preCondition -->
        <test-method status="PASS" signature="validLogin()[pri:0, instance:package3.LoginTest@31a5c39e]" name="validLogin" duration-ms="407" started-at="2020-01-16T12:24:31 IST" finished-at="2020-01-16T12:24:32 IST">
          <reporter-output>
          </reporter-output>
        </test-method> <!-- validLogin -->
      </class> <!-- package3.LoginTest -->
    </test> <!-- Test -->
  </suite> <!-- Suite -->
</testng-results>
