<?xml version="1.0" encoding="UTF-8"?>
<!-- Generated by org.testng.reporters.JUnitXMLReporter -->
<testsuite hostname="DESKTOP-V3TCD3D" ignored="0" name="Default test" tests="3" failures="0" timestamp="2020-01-08T14:25:40 IST" time="0.128" errors="0">
  <testcase name="dummy" time="0.032" classname="package2.ListnerTest"/>
  <testcase name="demo" time="0.0" classname="package2.ListnerTest"/>
  <testcase name="prototype" time="0.015" classname="package2.ListnerTest"/>
</testsuite> <!-- Default test -->
